#
# There is insufficient memory for the Java Runtime Environment to continue.
# Native memory allocation (mmap) failed to map 134217728 bytes for Failed to commit area from 0x00000000c0000000 to 0x00000000c8000000 of length 134217728.
# Possible reasons:
#   The system is out of physical RAM or swap space
#   The process is running with CompressedOops enabled, and the Java Heap may be blocking the growth of the native heap
# Possible solutions:
#   Reduce memory load on the system
#   Increase physical memory or swap space
#   Check if swap backing store is full
#   Decrease Java heap size (-Xmx/-Xms)
#   Decrease number of Java threads
#   Decrease Java thread stack sizes (-Xss)
#   Set larger code cache with -XX:ReservedCodeCacheSize=
# This output file may be truncated or incomplete.
#
#  Out of Memory Error (./src/hotspot/os/windows/os_windows.cpp:3619), pid=32480, tid=28568
#
# JRE version:  (11.0.13+7) (build )
# Java VM: OpenJDK 64-Bit Server VM (11.0.13+7-b1751.25, mixed mode, sharing, tiered, compressed oops, g1 gc, windows-amd64)
# No core dump will be written. Minidumps are not enabled by default on client versions of Windows
#

---------------  S U M M A R Y ------------

Command Line: -Djava.rmi.server.hostname=127.0.0.1 -Duser.timezone=UTC -Xmx1024m -Xms128m -Dfile.encoding=UTF-8 com.intellij.database.remote.RemoteJdbcServer com.mysql.cj.jdbc.Driver

Host: Intel(R) Core(TM) i7-10510U CPU @ 1.80GHz, 8 cores, 7G,  Windows 10 , 64 bit Build 19041 (10.0.19041.1645)
Time: Mon May  9 20:45:00 2022 中国标准时间 elapsed time: 0.021844 seconds (0d 0h 0m 0s)

---------------  T H R E A D  ---------------

Current thread (0x0000024f1225c000):  JavaThread "Unknown thread" [_thread_in_vm, id=28568, stack(0x000000dfe9a00000,0x000000dfe9b00000)]

Stack: [0x000000dfe9a00000,0x000000dfe9b00000]
Native frames: (J=compiled Java code, j=interpreted, Vv=VM code, C=native code)
V  [jvm.dll+0x613daa]
V  [jvm.dll+0x799b30]
V  [jvm.dll+0x79b14d]
V  [jvm.dll+0x79b823]
V  [jvm.dll+0x24c958]
V  [jvm.dll+0x610e24]
V  [jvm.dll+0x605b25]
V  [jvm.dll+0x30aaab]
V  [jvm.dll+0x30aa1a]
V  [jvm.dll+0x30a8f2]
V  [jvm.dll+0x30f856]
V  [jvm.dll+0x359143]
V  [jvm.dll+0x359846]
V  [jvm.dll+0x359243]
V  [jvm.dll+0x2e57a8]
V  [jvm.dll+0x2e6947]
V  [jvm.dll+0x776d47]
V  [jvm.dll+0x77853c]
V  [jvm.dll+0x3666c9]
V  [jvm.dll+0x75a9ce]
V  [jvm.dll+0x3d47d3]
V  [jvm.dll+0x3d6d21]
C  [jli.dll+0x536b]
C  [ucrtbase.dll+0x21bb2]
C  [KERNEL32.DLL+0x17034]
C  [ntdll.dll+0x52651]


---------------  P R O C E S S  ---------------

Threads class SMR info:
_java_thread_list=0x0000024f12122b00, length=0, elements={
}

Java Threads: ( => current thread )

Other Threads:
  0x0000024f12273000 GCTaskThread "GC Thread#0" [stack: 0x000000dfe9b00000,0x000000dfe9c00000] [id=10424]
  0x0000024f12290800 ConcurrentGCThread "G1 Main Marker" [stack: 0x000000dfe9c00000,0x000000dfe9d00000] [id=13216]
  0x0000024f12294000 ConcurrentGCThread "G1 Conc#0" [stack: 0x000000dfe9d00000,0x000000dfe9e00000] [id=35684]

[error occurred during error reporting (printing all threads), id 0xc0000005, EXCEPTION_ACCESS_VIOLATION (0xc0000005) at pc=0x00007ffd06575c97]

VM state:not at safepoint (not fully initialized)

VM Mutex/Monitor currently owned by a thread:  ([mutex/lock_event])
[0x0000024f12258050] Heap_lock - owner thread: 0x0000024f1225c000

Heap address: 0x00000000c0000000, size: 1024 MB, Compressed Oops mode: Non-zero based: 0x00000000c0000000
Narrow klass base: 0x0000000000000000, Narrow klass shift: 0

GC Heap History (0 events):
No events

Deoptimization events (0 events):
No events

Classes redefined (0 events):
No events

Internal exceptions (0 events):
No events

Events (1 events):
Event: 0.012 Loaded shared library D:\developmenttools\IntelliJ IDEA 2021.3.2\jbr\bin\zip.dll


Dynamic libraries:
0x00007ff7ebc70000 - 0x00007ff7ebc7a000 	D:\developmenttools\IntelliJ IDEA 2021.3.2\jbr\bin\java.exe
0x00007ffd622b0000 - 0x00007ffd624a5000 	C:\WINDOWS\SYSTEM32\ntdll.dll
0x00007ffd61270000 - 0x00007ffd6132e000 	C:\WINDOWS\System32\KERNEL32.DLL
0x00007ffd5fbf0000 - 0x00007ffd5feb8000 	C:\WINDOWS\System32\KERNELBASE.dll
0x00007ffd5fec0000 - 0x00007ffd5ffc0000 	C:\WINDOWS\System32\ucrtbase.dll
0x00007ffd42250000 - 0x00007ffd42267000 	D:\developmenttools\IntelliJ IDEA 2021.3.2\jbr\bin\VCRUNTIME140.dll
0x00007ffd56d30000 - 0x00007ffd56d49000 	D:\developmenttools\IntelliJ IDEA 2021.3.2\jbr\bin\jli.dll
0x00007ffd61fa0000 - 0x00007ffd62140000 	C:\WINDOWS\System32\USER32.dll
0x00007ffd5f9d0000 - 0x00007ffd5f9f2000 	C:\WINDOWS\System32\win32u.dll
0x00007ffd60ed0000 - 0x00007ffd60efa000 	C:\WINDOWS\System32\GDI32.dll
0x00007ffd46c90000 - 0x00007ffd46f2a000 	C:\WINDOWS\WinSxS\amd64_microsoft.windows.common-controls_6595b64144ccf1df_6.0.19041.1110_none_60b5254171f9507e\COMCTL32.dll
0x00007ffd60200000 - 0x00007ffd6030b000 	C:\WINDOWS\System32\gdi32full.dll
0x00007ffd61aa0000 - 0x00007ffd61b3e000 	C:\WINDOWS\System32\msvcrt.dll
0x00007ffd5fa50000 - 0x00007ffd5faed000 	C:\WINDOWS\System32\msvcp_win.dll
0x00007ffd619b0000 - 0x00007ffd619e0000 	C:\WINDOWS\System32\IMM32.DLL
0x00007ffd2a4d0000 - 0x00007ffd2a56d000 	D:\developmenttools\IntelliJ IDEA 2021.3.2\jbr\bin\msvcp140.dll
0x00007ffd06280000 - 0x00007ffd06df6000 	D:\developmenttools\IntelliJ IDEA 2021.3.2\jbr\bin\server\jvm.dll
0x00007ffd61c80000 - 0x00007ffd61d2e000 	C:\WINDOWS\System32\ADVAPI32.dll
0x00007ffd61f00000 - 0x00007ffd61f9c000 	C:\WINDOWS\System32\sechost.dll
0x00007ffd61080000 - 0x00007ffd611a5000 	C:\WINDOWS\System32\RPCRT4.dll
0x00007ffd611b0000 - 0x00007ffd611b8000 	C:\WINDOWS\System32\PSAPI.DLL
0x00007ffd55810000 - 0x00007ffd5581a000 	C:\WINDOWS\SYSTEM32\VERSION.dll
0x00007ffd4c310000 - 0x00007ffd4c319000 	C:\WINDOWS\SYSTEM32\WSOCK32.dll
0x00007ffd4e580000 - 0x00007ffd4e5a7000 	C:\WINDOWS\SYSTEM32\WINMM.dll
0x00007ffd61d30000 - 0x00007ffd61d9b000 	C:\WINDOWS\System32\WS2_32.dll
0x00007ffd5e2b0000 - 0x00007ffd5e2c2000 	C:\WINDOWS\SYSTEM32\kernel.appcore.dll
0x00007ffd57830000 - 0x00007ffd57841000 	D:\developmenttools\IntelliJ IDEA 2021.3.2\jbr\bin\verify.dll
0x00007ffd5dfa0000 - 0x00007ffd5e184000 	C:\WINDOWS\SYSTEM32\DBGHELP.DLL
0x00007ffd54d70000 - 0x00007ffd54d9c000 	C:\WINDOWS\SYSTEM32\dbgcore.DLL
0x00007ffd5fb60000 - 0x00007ffd5fbe2000 	C:\WINDOWS\System32\bcryptPrimitives.dll
0x00007ffd56510000 - 0x00007ffd56539000 	D:\developmenttools\IntelliJ IDEA 2021.3.2\jbr\bin\java.dll
0x00007ffd57810000 - 0x00007ffd5781b000 	D:\developmenttools\IntelliJ IDEA 2021.3.2\jbr\bin\jimage.dll
0x00007ffd56410000 - 0x00007ffd56428000 	D:\developmenttools\IntelliJ IDEA 2021.3.2\jbr\bin\zip.dll

dbghelp: loaded successfully - version: 4.0.5 - missing functions: none
symbol engine: initialized successfully - sym options: 0x614 - pdb path: .;D:\developmenttools\IntelliJ IDEA 2021.3.2\jbr\bin;C:\WINDOWS\SYSTEM32;C:\WINDOWS\WinSxS\amd64_microsoft.windows.common-controls_6595b64144ccf1df_6.0.19041.1110_none_60b5254171f9507e;D:\developmenttools\IntelliJ IDEA 2021.3.2\jbr\bin\server

VM Arguments:
jvm_args: -Djava.rmi.server.hostname=127.0.0.1 -Duser.timezone=UTC -Xmx1024m -Xms128m -Dfile.encoding=UTF-8 
java_command: com.intellij.database.remote.RemoteJdbcServer com.mysql.cj.jdbc.Driver
java_class_path (initial): D:\developmenttools\IntelliJ IDEA 2021.3.2\lib\util.jar;D:\developmenttools\IntelliJ IDEA 2021.3.2\lib\org_codehaus_groovy_groovy.jar;D:\developmenttools\IntelliJ IDEA 2021.3.2\plugins\DatabaseTools\lib\jdbc-console.jar;C:\Users\hyn\AppData\Roaming\JetBrains\IntelliJIdea2021.3\jdbc-drivers\MySQL ConnectorJ\8.0.25\mysql-connector-java-8.0.25.jar
Launcher Type: SUN_STANDARD

[Global flags]
     intx CICompilerCount                          = 4                                         {product} {ergonomic}
     uint ConcGCThreads                            = 2                                         {product} {ergonomic}
     uint G1ConcRefinementThreads                  = 8                                         {product} {ergonomic}
   size_t G1HeapRegionSize                         = 1048576                                   {product} {ergonomic}
    uintx GCDrainStackTargetSize                   = 64                                        {product} {ergonomic}
   size_t InitialHeapSize                          = 134217728                                 {product} {command line}
   size_t MarkStackSize                            = 4194304                                   {product} {ergonomic}
   size_t MaxHeapSize                              = 1073741824                                {product} {command line}
   size_t MinHeapDeltaBytes                        = 1048576                                   {product} {ergonomic}
    uintx NonNMethodCodeHeapSize                   = 5836300                                {pd product} {ergonomic}
    uintx NonProfiledCodeHeapSize                  = 122910970                              {pd product} {ergonomic}
    uintx ProfiledCodeHeapSize                     = 122910970                              {pd product} {ergonomic}
    uintx ReservedCodeCacheSize                    = 251658240                              {pd product} {ergonomic}
     bool SegmentedCodeCache                       = true                                      {product} {ergonomic}
     bool UseCompressedClassPointers               = true                                 {lp64_product} {ergonomic}
     bool UseCompressedOops                        = true                                 {lp64_product} {ergonomic}
     bool UseG1GC                                  = true                                      {product} {ergonomic}
     bool UseLargePagesIndividualAllocation        = false                                  {pd product} {ergonomic}

Logging:
Log output configuration:
 #0: stdout all=warning uptime,level,tags
 #1: stderr all=off uptime,level,tags

Environment Variables:
JAVA_HOME=C:\Program Files\Java\jdk1.8.0_211
CLASSPATH=.;C:\Program Files\Java\jdk1.8.0_211\lib\dt.jar;C:\Program Files\Java\jdk1.8.0_211\lib\tools.jar
PATH=C:\ProgramData\Oracle\Java\javapath;D:\app\hyn\product\11.2.0\dbhome_1\bin;C:\Program Files (x86)\Common Files\Oracle\Java\javapath;C:\Windows\system32;C:\Windows;C:\Windows\System32\Wbem;C:\Windows\System32\WindowsPowerShell\v1.0\;C:\Windows\System32\OpenSSH\;C:\Program Files (x86)\NVIDIA Corporation\PhysX\Common;C:\Program Files\NVIDIA Corporation\NVIDIA NvDLISR;C:\Program Files\Java\jdk1.8.0_211\bin;C:\Program Files\Java\jdk1.8.0_211\jre\bin;C:\Program Files\MySQL\MySQL Server 5.7\bin;D:\nodejs\;D:\nodejs\node_global;C:\WINDOWS\system32;C:\WINDOWS;C:\WINDOWS\System32\Wbem;C:\WINDOWS\System32\WindowsPowerShell\v1.0\;C:\WINDOWS\System32\OpenSSH\;%CATALINA_HOME%\lib;%CATALINA_HOME%\lib\servlet-api.jar;%CATALINA_HOME%\lib\jsp-api.jar;D:\developmenttools\Git\cmd;C:\Users\hyn\AppData\Roaming\npm;%USERPROFILE%\AppData\Local\Microsoft\WindowsApps;;c:\program files (x86)\mydrivers\drivergenius;c:\program files (x86)\mydrivers\drivergenius\ksoft
USERNAME=hyn
OS=Windows_NT
PROCESSOR_IDENTIFIER=Intel64 Family 6 Model 142 Stepping 12, GenuineIntel



---------------  S Y S T E M  ---------------

OS: Windows 10 , 64 bit Build 19041 (10.0.19041.1645)
OS uptime: 21 days 21:10 hours

CPU:total 8 (initial active 8) (4 cores per cpu, 2 threads per core) family 6 model 142 stepping 12 microcode 0xc6, cmov, cx8, fxsr, mmx, sse, sse2, sse3, ssse3, sse4.1, sse4.2, popcnt, avx, avx2, aes, clmul, erms, 3dnowpref, lzcnt, ht, tsc, tscinvbit, bmi1, bmi2, adx, fma

Memory: 4k page, system-wide physical 8056M (529M free)
TotalPageFile size 20856M (AvailPageFile size 56M)
current process WorkingSet (physical memory assigned to process): 10M, peak: 10M
current process commit charge ("private bytes"): 59M, peak: 187M

vm_info: OpenJDK 64-Bit Server VM (11.0.13+7-b1751.25) for windows-amd64 JRE (11.0.13+7-b1751.25), built on Jan 13 2022 20:47:27 by "" with MS VC++ 14.0 (VS2015)

END.
